<?xml version="1.0" encoding="UTF-8"?>
<robot generator="Robot 3.0.4 (Python 3.7.0 on win32)" generated="20180723 01:03:04.692">
<suite id="s1" name="TC 001 Start Close Browser" source="C:\Users\chawla.akshay\PycharmProjects\Robot\TestCases\TC_001_Start_Close_Browser.robot">
<test id="s1-t1" name="Robot First Test Case">
<kw name="Start Browser and Maximize" library="Resources1" type="setup">
<arguments>
<arg>${URL}</arg>
<arg>${Browser}</arg>
</arguments>
<kw name="Open Browser" library="SeleniumLibrary">
<doc>Opens a new browser instance to the given ``url``.</doc>
<arguments>
<arg>${UserURL}</arg>
<arg>${InputBrowser}</arg>
</arguments>
<msg timestamp="20180723 01:03:04.844" level="INFO">Opening browser 'Chrome' to base url 'http://www.thetestingworld.com/testings'.</msg>
<status status="PASS" starttime="20180723 01:03:04.844" endtime="20180723 01:03:10.273"></status>
</kw>
<kw name="Maximize Browser Window" library="SeleniumLibrary">
<doc>Maximizes current browser window.</doc>
<status status="PASS" starttime="20180723 01:03:10.274" endtime="20180723 01:03:11.421"></status>
</kw>
<status status="PASS" starttime="20180723 01:03:04.844" endtime="20180723 01:03:11.422"></status>
</kw>
<kw name="Enter Username Email">
<arguments>
<arg>Test</arg>
<arg>testingworldindia@gmail.com</arg>
</arguments>
<kw name="Input Text" library="SeleniumLibrary">
<doc>Types the given ``text`` into text field identified by ``locator``.</doc>
<arguments>
<arg>name:fld_username</arg>
<arg>${username}</arg>
</arguments>
<msg timestamp="20180723 01:03:11.423" level="INFO">Typing text 'Test' into text field 'name:fld_username'.</msg>
<status status="PASS" starttime="20180723 01:03:11.423" endtime="20180723 01:03:11.520"></status>
</kw>
<kw name="Input Text" library="SeleniumLibrary">
<doc>Types the given ``text`` into text field identified by ``locator``.</doc>
<arguments>
<arg>//input[@name='fld_email']</arg>
<arg>${email}</arg>
</arguments>
<msg timestamp="20180723 01:03:11.521" level="INFO">Typing text 'testingworldindia@gmail.com' into text field '//input[@name='fld_email']'.</msg>
<status status="PASS" starttime="20180723 01:03:11.520" endtime="20180723 01:03:11.702"></status>
</kw>
<status status="PASS" starttime="20180723 01:03:11.422" endtime="20180723 01:03:11.702"></status>
</kw>
<kw name="Sleep" library="BuiltIn">
<doc>Pauses the test executed for the given time.</doc>
<arguments>
<arg>2s</arg>
</arguments>
<msg timestamp="20180723 01:03:13.704" level="INFO">Slept 2 seconds</msg>
<status status="PASS" starttime="20180723 01:03:11.703" endtime="20180723 01:03:13.705"></status>
</kw>
<kw name="Clear Element Text" library="SeleniumLibrary">
<doc>Clears the value of text entry element identified by ``locator``.</doc>
<arguments>
<arg>name:fld_username</arg>
</arguments>
<status status="PASS" starttime="20180723 01:03:13.706" endtime="20180723 01:03:13.762"></status>
</kw>
<kw name="Clear Element Text" library="SeleniumLibrary">
<doc>Clears the value of text entry element identified by ``locator``.</doc>
<arguments>
<arg>//input[@name='fld_email']</arg>
</arguments>
<status status="PASS" starttime="20180723 01:03:13.763" endtime="20180723 01:03:13.795"></status>
</kw>
<kw name="Select Checkbox" library="SeleniumLibrary">
<doc>Selects checkbox identified by ``locator``.</doc>
<arguments>
<arg>name:terms</arg>
</arguments>
<msg timestamp="20180723 01:03:13.796" level="INFO">Selecting checkbox 'name:terms'.</msg>
<status status="PASS" starttime="20180723 01:03:13.796" endtime="20180723 01:03:13.907"></status>
</kw>
<kw name="Get Input Data" library="PythonCodeDemo.Input">
<assign>
<var>${InputKey}</var>
</assign>
<msg timestamp="20180723 01:03:13.908" level="INFO">${InputKey} = 81</msg>
<status status="PASS" starttime="20180723 01:03:13.908" endtime="20180723 01:03:13.908"></status>
</kw>
<kw name="Enter Username Email">
<arguments>
<arg>${InputKey}</arg>
<arg>${InputKey}</arg>
</arguments>
<kw name="Input Text" library="SeleniumLibrary">
<doc>Types the given ``text`` into text field identified by ``locator``.</doc>
<arguments>
<arg>name:fld_username</arg>
<arg>${username}</arg>
</arguments>
<msg timestamp="20180723 01:03:13.910" level="INFO">Typing text '81' into text field 'name:fld_username'.</msg>
<status status="PASS" starttime="20180723 01:03:13.910" endtime="20180723 01:03:13.961"></status>
</kw>
<kw name="Input Text" library="SeleniumLibrary">
<doc>Types the given ``text`` into text field identified by ``locator``.</doc>
<arguments>
<arg>//input[@name='fld_email']</arg>
<arg>${email}</arg>
</arguments>
<msg timestamp="20180723 01:03:13.961" level="INFO">Typing text '81' into text field '//input[@name='fld_email']'.</msg>
<status status="PASS" starttime="20180723 01:03:13.961" endtime="20180723 01:03:14.005"></status>
</kw>
<status status="PASS" starttime="20180723 01:03:13.908" endtime="20180723 01:03:14.005"></status>
</kw>
<kw name="Sleep" library="BuiltIn">
<doc>Pauses the test executed for the given time.</doc>
<arguments>
<arg>10s</arg>
</arguments>
<msg timestamp="20180723 01:03:24.006" level="INFO">Slept 10 seconds</msg>
<status status="PASS" starttime="20180723 01:03:14.005" endtime="20180723 01:03:24.006"></status>
</kw>
<kw name="Close Browser Window" library="Resources1" type="teardown">
<kw name="Get Title" library="SeleniumLibrary">
<doc>Returns the title of current page.</doc>
<assign>
<var>${Title}</var>
</assign>
<msg timestamp="20180723 01:03:24.028" level="INFO">${Title} = Login &amp; Sign Up Forms</msg>
<status status="PASS" starttime="20180723 01:03:24.011" endtime="20180723 01:03:24.028"></status>
</kw>
<kw name="Log" library="BuiltIn">
<doc>Logs the given message with the given level.</doc>
<arguments>
<arg>${Title}</arg>
</arguments>
<msg timestamp="20180723 01:03:24.030" level="INFO">Login &amp; Sign Up Forms</msg>
<status status="PASS" starttime="20180723 01:03:24.029" endtime="20180723 01:03:24.030"></status>
</kw>
<kw name="Close Browser" library="SeleniumLibrary">
<doc>Closes the current browser.</doc>
<status status="PASS" starttime="20180723 01:03:24.030" endtime="20180723 01:03:26.380"></status>
</kw>
<status status="PASS" starttime="20180723 01:03:24.009" endtime="20180723 01:03:26.380"></status>
</kw>
<doc>Basic Demo</doc>
<status status="PASS" starttime="20180723 01:03:04.843" endtime="20180723 01:03:26.381" critical="yes"></status>
</test>
<status status="PASS" starttime="20180723 01:03:04.695" endtime="20180723 01:03:26.388"></status>
</suite>
<statistics>
<total>
<stat pass="1" fail="0">Critical Tests</stat>
<stat pass="1" fail="0">All Tests</stat>
</total>
<tag>
</tag>
<suite>
<stat pass="1" fail="0" id="s1" name="TC 001 Start Close Browser">TC 001 Start Close Browser</stat>
</suite>
</statistics>
<errors>
</errors>
</robot>
